<?xml version="1.0" encoding="UTF-8"?>
<!-- Generated by org.testng.reporters.JUnitXMLReporter -->
<testsuite ignored="0" hostname="DESKTOP-ET0P04N" failures="0" tests="4" name="Test" time="0.058" errors="0" timestamp="28 Aug 2019 03:38:38 GMT">
  <testcase classname="qaclickacademy.SeleniumTest" name="BrowserAutomation" time="0.012"/>
  <testcase classname="qaclickacademy.SeleniumTest" name="ElementsUI" time="0.002"/>
  <testcase classname="qaclickacademy.RESTAPITest" name="DeleteTwitter" time="0.002"/>
  <testcase classname="qaclickacademy.RESTAPITest" name="PostJIRA" time="0.001"/>
</testsuite> <!-- Test -->
