<?xml version="1.0" encoding="UTF-8"?>
<!-- Generated by org.testng.reporters.JUnitXMLReporter -->
<testsuite hostname="DESKTOP-ET0P04N" ignored="0" name="Test" tests="6" failures="0" timestamp="2019-08-28T13:26:40 PDT" time="0.059" errors="0">
  <testcase name="BrowserAutomation" time="0.008" classname="qaclickacademy.SeleniumTest"/>
  <testcase name="ElementsUI" time="0.0" classname="qaclickacademy.SeleniumTest"/>
  <testcase name="DeleteTwitter" time="0.0" classname="qaclickacademy.RESTAPITest"/>
  <testcase name="PostJIRA" time="0.0" classname="qaclickacademy.RESTAPITest"/>
  <testcase name="IOSApps" time="0.0" classname="qaclickacademy.AppiumTest"/>
  <testcase name="NativeAPPAndroid" time="0.0" classname="qaclickacademy.AppiumTest"/>
</testsuite> <!-- Test -->
