<?xml version="1.0" encoding="UTF-8"?>
<testng-results skipped="0" failed="0" ignored="0" total="6" passed="6">
  <reporter-output>
  </reporter-output>
  <suite name="Suite" duration-ms="59" started-at="2019-08-28T13:26:40 PDT" finished-at="2019-08-28T13:26:40 PDT">
    <groups>
    </groups>
    <test name="Test" duration-ms="59" started-at="2019-08-28T13:26:40 PDT" finished-at="2019-08-28T13:26:40 PDT">
      <class name="qaclickacademy.AppiumTest">
        <test-method status="PASS" signature="IOSApps()[pri:0, instance:qaclickacademy.AppiumTest@29ca901e]" name="IOSApps" duration-ms="0" started-at="2019-08-28T13:26:40 PDT" finished-at="2019-08-28T13:26:40 PDT">
          <reporter-output>
          </reporter-output>
        </test-method> <!-- IOSApps -->
        <test-method status="PASS" signature="NativeAPPAndroid()[pri:0, instance:qaclickacademy.AppiumTest@29ca901e]" name="NativeAPPAndroid" duration-ms="0" started-at="2019-08-28T13:26:40 PDT" finished-at="2019-08-28T13:26:40 PDT">
          <reporter-output>
          </reporter-output>
        </test-method> <!-- NativeAPPAndroid -->
      </class> <!-- qaclickacademy.AppiumTest -->
      <class name="qaclickacademy.RESTAPITest">
        <test-method status="PASS" signature="DeleteTwitter()[pri:0, instance:qaclickacademy.RESTAPITest@4bec1f0c]" name="DeleteTwitter" duration-ms="0" started-at="2019-08-28T13:26:40 PDT" finished-at="2019-08-28T13:26:40 PDT">
          <reporter-output>
          </reporter-output>
        </test-method> <!-- DeleteTwitter -->
        <test-method status="PASS" signature="PostJIRA()[pri:0, instance:qaclickacademy.RESTAPITest@4bec1f0c]" name="PostJIRA" duration-ms="0" started-at="2019-08-28T13:26:40 PDT" finished-at="2019-08-28T13:26:40 PDT">
          <reporter-output>
          </reporter-output>
        </test-method> <!-- PostJIRA -->
      </class> <!-- qaclickacademy.RESTAPITest -->
      <class name="qaclickacademy.SeleniumTest">
        <test-method status="PASS" signature="BrowserAutomation()[pri:0, instance:qaclickacademy.SeleniumTest@73846619]" name="BrowserAutomation" duration-ms="8" started-at="2019-08-28T13:26:40 PDT" finished-at="2019-08-28T13:26:40 PDT">
          <reporter-output>
          </reporter-output>
        </test-method> <!-- BrowserAutomation -->
        <test-method status="PASS" signature="ElementsUI()[pri:0, instance:qaclickacademy.SeleniumTest@73846619]" name="ElementsUI" duration-ms="0" started-at="2019-08-28T13:26:40 PDT" finished-at="2019-08-28T13:26:40 PDT">
          <reporter-output>
          </reporter-output>
        </test-method> <!-- ElementsUI -->
      </class> <!-- qaclickacademy.SeleniumTest -->
    </test> <!-- Test -->
  </suite> <!-- Suite -->
</testng-results>
